<?xml version="1.0" encoding="UTF-8"?>
<!-- Generated by org.testng.reporters.JUnitXMLReporter -->
<testsuite ignored="3" hostname="DESKTOP-NMCT7KP" failures="0" tests="1" name="Default test" time="106.696" errors="0" timestamp="2024-07-06T10:11:43 IST">
  <testcase classname="com.expedia.pages.SearchPage" name="searchForPackages" time="103.236"/>
  <testcase classname="com.expedia.pages.SearchPage" name="searchForStays" time="0.0">
    <ignored/>
  </testcase> <!-- searchForStays -->
  <testcase classname="com.expedia.pages.SearchPage" name="searchForCars" time="0.0">
    <ignored/>
  </testcase> <!-- searchForCars -->
  <testcase classname="com.expedia.pages.SearchPage" name="searchForFlights" time="0.0">
    <ignored/>
  </testcase> <!-- searchForFlights -->
</testsuite> <!-- Default test -->
