<?xml version="1.0" encoding="UTF-8"?>
<testng-results ignored="3" total="4" passed="1" failed="0" skipped="0">
  <reporter-output>
    <line>
      <![CDATA[<br>Step 1 : Click on Packages tab.]]>
    </line>
    <line>
      <![CDATA[<br>Step 2 : Click on Leaving From field.]]>
    </line>
    <line>
      <![CDATA[<br>Step 3 : Enter from location.]]>
    </line>
    <line>
      <![CDATA[<br>Message : Leaving From : Paris]]>
    </line>
    <line>
      <![CDATA[<br>Message : Total Leaving Location Name :4]]>
    </line>
    <line>
      <![CDATA[<br>Message : Pick Up Name :Paris (CDG - Roissy-Charles de Gaulle)
France]]>
    </line>
    <line>
      <![CDATA[<br>Message : Pick Up Name :Paris (PAR - All Airports)
France]]>
    </line>
    <line>
      <![CDATA[<br>Message : ===========================================]]>
    </line>
    <line>
      <![CDATA[<br>Message : You Selected Leaving Name : Paris (PAR - All Airports)
France]]>
    </line>
    <line>
      <![CDATA[<br>Step 4 : Click on Going To field.]]>
    </line>
    <line>
      <![CDATA[<br>Step 5 : Enter to location.]]>
    </line>
    <line>
      <![CDATA[<br>Message : Leaving From : Brazil]]>
    </line>
    <line>
      <![CDATA[<br>Message : Total Going Location Name :9]]>
    </line>
    <line>
      <![CDATA[<br>Message : Going To Name :Rio de Janeiro (RIO - All Airports)
Brazil]]>
    </line>
    <line>
      <![CDATA[<br>Message : Going To Name :Rio de Janeiro
Rio de Janeiro State, Brazil]]>
    </line>
    <line>
      <![CDATA[<br>Message : Going To Name :Rio de Janeiro (GIG - Galeão-Antonio Carlos Jobim Intl.)
Brazil]]>
    </line>
    <line>
      <![CDATA[<br>Message : Going To Name :Sao Paulo
São Paulo State, Brazil]]>
    </line>
    <line>
      <![CDATA[<br>Message : Going To Name :Fortaleza
Ceará, Brazil]]>
    </line>
    <line>
      <![CDATA[<br>Message : ===========================================]]>
    </line>
    <line>
      <![CDATA[<br>Message : You Selected Going Name : Fortaleza
Ceará, Brazil]]>
    </line>
    <line>
      <![CDATA[<br>Step 6 : Click on DatePicker field.]]>
    </line>
    <line>
      <![CDATA[<br>Message : February 2025/28]]>
    </line>
    <line>
      <![CDATA[<br>Message : March 2025/10]]>
    </line>
    <line>
      <![CDATA[<br>Step 7 : Click on DatePicker Done field.]]>
    </line>
    <line>
      <![CDATA[<br>Step 8 : Click on Travellers field.]]>
    </line>
    <line>
      <![CDATA[<br>Step 9 : Click on Adults Increase Button.]]>
    </line>
    <line>
      <![CDATA[<br>Step 10 : Click on Children Increase Button.]]>
    </line>
    <line>
      <![CDATA[<br>Step 11 : Select Children Age.]]>
    </line>
    <line>
      <![CDATA[<br>Message : You selected age of child is : 5]]>
    </line>
    <line>
      <![CDATA[<br>Step 12 : Where will the infants sit..??]]>
    </line>
    <line>
      <![CDATA[<br>Step 13 : Click On Done.]]>
    </line>
    <line>
      <![CDATA[<br>Step 14 : Click on Search Button.]]>
    </line>
    <line>
      <![CDATA[<font color=238E23><strong><i> PASS : searchForPackages</i></strong></font>]]>
    </line>
  </reporter-output>
  <suite started-at="2024-07-06T10:09:56 IST" name="Default suite" finished-at="2024-07-06T10:11:43 IST" duration-ms="106696">
    <groups>
    </groups>
    <test started-at="2024-07-06T10:09:56 IST" name="Default test" finished-at="2024-07-06T10:11:43 IST" duration-ms="106696">
      <class name="com.expedia.pages.SearchPage">
        <test-method is-config="true" signature="fetchSuiteConfiguration(org.testng.ITestContext)[pri:0, instance:com.expedia.pages.SearchPage@6bd61f98]" started-at="2024-07-06T10:09:56 IST" name="fetchSuiteConfiguration" finished-at="2024-07-06T10:09:56 IST" duration-ms="16" status="PASS">
          <params>
            <param index="0">
              <value>
                <![CDATA[org.testng.TestRunner@709ed6f3]]>
              </value>
            </param>
          </params>
          <reporter-output>
          </reporter-output>
        </test-method> <!-- fetchSuiteConfiguration -->
        <test-method is-config="true" signature="setUp(java.lang.reflect.Method)[pri:0, instance:com.expedia.pages.SearchPage@6bd61f98]" started-at="2024-07-06T10:09:56 IST" name="setUp" finished-at="2024-07-06T10:09:59 IST" duration-ms="3031" status="PASS">
          <params>
            <param index="0">
              <value>
                <![CDATA[public void com.expedia.pages.SearchPage.searchForPackages(java.lang.String,java.lang.String)]]>
              </value>
            </param>
          </params>
          <reporter-output>
          </reporter-output>
        </test-method> <!-- setUp -->
        <test-method signature="searchForPackages(java.lang.String,java.lang.String)[pri:0, instance:com.expedia.pages.SearchPage@6bd61f98]" started-at="2024-07-06T10:09:59 IST" name="searchForPackages" data-provider="Packages" finished-at="2024-07-06T10:11:42 IST" duration-ms="103236" status="PASS">
          <params>
            <param index="0">
              <value>
                <![CDATA[Paris]]>
              </value>
            </param>
            <param index="1">
              <value>
                <![CDATA[Brazil]]>
              </value>
            </param>
          </params>
          <reporter-output>
            <line>
              <![CDATA[<br>Step 1 : Click on Packages tab.]]>
            </line>
            <line>
              <![CDATA[<br>Step 2 : Click on Leaving From field.]]>
            </line>
            <line>
              <![CDATA[<br>Step 3 : Enter from location.]]>
            </line>
            <line>
              <![CDATA[<br>Message : Leaving From : Paris]]>
            </line>
            <line>
              <![CDATA[<br>Message : Total Leaving Location Name :4]]>
            </line>
            <line>
              <![CDATA[<br>Message : Pick Up Name :Paris (CDG - Roissy-Charles de Gaulle)
France]]>
            </line>
            <line>
              <![CDATA[<br>Message : Pick Up Name :Paris (PAR - All Airports)
France]]>
            </line>
            <line>
              <![CDATA[<br>Message : ===========================================]]>
            </line>
            <line>
              <![CDATA[<br>Message : You Selected Leaving Name : Paris (PAR - All Airports)
France]]>
            </line>
            <line>
              <![CDATA[<br>Step 4 : Click on Going To field.]]>
            </line>
            <line>
              <![CDATA[<br>Step 5 : Enter to location.]]>
            </line>
            <line>
              <![CDATA[<br>Message : Leaving From : Brazil]]>
            </line>
            <line>
              <![CDATA[<br>Message : Total Going Location Name :9]]>
            </line>
            <line>
              <![CDATA[<br>Message : Going To Name :Rio de Janeiro (RIO - All Airports)
Brazil]]>
            </line>
            <line>
              <![CDATA[<br>Message : Going To Name :Rio de Janeiro
Rio de Janeiro State, Brazil]]>
            </line>
            <line>
              <![CDATA[<br>Message : Going To Name :Rio de Janeiro (GIG - Galeão-Antonio Carlos Jobim Intl.)
Brazil]]>
            </line>
            <line>
              <![CDATA[<br>Message : Going To Name :Sao Paulo
São Paulo State, Brazil]]>
            </line>
            <line>
              <![CDATA[<br>Message : Going To Name :Fortaleza
Ceará, Brazil]]>
            </line>
            <line>
              <![CDATA[<br>Message : ===========================================]]>
            </line>
            <line>
              <![CDATA[<br>Message : You Selected Going Name : Fortaleza
Ceará, Brazil]]>
            </line>
            <line>
              <![CDATA[<br>Step 6 : Click on DatePicker field.]]>
            </line>
            <line>
              <![CDATA[<br>Message : February 2025/28]]>
            </line>
            <line>
              <![CDATA[<br>Message : March 2025/10]]>
            </line>
            <line>
              <![CDATA[<br>Step 7 : Click on DatePicker Done field.]]>
            </line>
            <line>
              <![CDATA[<br>Step 8 : Click on Travellers field.]]>
            </line>
            <line>
              <![CDATA[<br>Step 9 : Click on Adults Increase Button.]]>
            </line>
            <line>
              <![CDATA[<br>Step 10 : Click on Children Increase Button.]]>
            </line>
            <line>
              <![CDATA[<br>Step 11 : Select Children Age.]]>
            </line>
            <line>
              <![CDATA[<br>Message : You selected age of child is : 5]]>
            </line>
            <line>
              <![CDATA[<br>Step 12 : Where will the infants sit..??]]>
            </line>
            <line>
              <![CDATA[<br>Step 13 : Click On Done.]]>
            </line>
            <line>
              <![CDATA[<br>Step 14 : Click on Search Button.]]>
            </line>
            <line>
              <![CDATA[<font color=238E23><strong><i> PASS : searchForPackages</i></strong></font>]]>
            </line>
          </reporter-output>
        </test-method> <!-- searchForPackages -->
        <test-method is-config="true" signature="tearDown(org.testng.ITestResult)[pri:0, instance:com.expedia.pages.SearchPage@6bd61f98]" started-at="2024-07-06T10:11:42 IST" name="tearDown" finished-at="2024-07-06T10:11:43 IST" duration-ms="355" status="PASS">
          <params>
            <param index="0">
              <value>
                <![CDATA[[TestResult name=searchForPackages status=SUCCESS method=SearchPage.searchForPackages(java.lang.String,java.lang.String)[pri:0, instance:com.expedia.pages.SearchPage@6bd61f98] output=<br>Step 1 : Click on Packages tab.]]]>
              </value>
            </param>
          </params>
          <reporter-output>
          </reporter-output>
        </test-method> <!-- tearDown -->
      </class> <!-- com.expedia.pages.SearchPage -->
    </test> <!-- Default test -->
  </suite> <!-- Default suite -->
</testng-results>
