<?xml version="1.0" encoding="UTF-8"?>
<!-- Generated by org.testng.reporters.JUnitXMLReporter -->
<testsuite ignored="0" hostname="DESKTOP-NMCT7KP" failures="0" tests="4" name="Test" time="462.407" errors="0" timestamp="2024-06-26T16:53:18 IST">
  <testcase classname="com.expedia.pages.SearchPage" name="searchForCars" time="162.759"/>
  <testcase classname="com.expedia.pages.SearchPage" name="searchForFlights" time="107.863"/>
  <testcase classname="com.expedia.pages.SearchPage" name="searchForPackages" time="99.537"/>
  <testcase classname="com.expedia.pages.SearchPage" name="searchForStays" time="80.277"/>
</testsuite> <!-- Test -->
